Info: Start Nativelink Simulation process

========= EDA Simulation Settings =====================

Sim Mode              :  Gate
Family                :  cycloneivgx
Quartus root          :  c:/altera/11.1/quartus/bin/
Quartus sim root      :  c:/altera/11.1/quartus/eda/sim_lib
Simulation Tool       :  modelsim-altera
Simulation Language   :  vhdl
Version               :  93
Simulation Mode       :  GUI
Sim Output File       :  ramIntroBlockDiagram_6_1200mv_85c_slow.vho
Sim SDF File       :  ramIntroBlockDiagram_6_1200mv_85c_vhd_slow.sdo
Sim dir               :  simulation\modelsim

=======================================================

Info: Starting NativeLink simulation with ModelSim-Altera software
Sourced NativeLink script c:/altera/11.1/quartus/common/tcl/internal/nativelink/modelsim.tcl
error deleting "msim_transcript": permission denied
Error: NativeLink simulation flow was NOT successful



================The following additional information is provided to help identify the cause of error while running nativelink scripts=================
Nativelink TCL script failed with errorCode:  POSIX EACCES {permission denied}
Nativelink TCL script failed with errorInfo:  error deleting "msim_transcript": permission denied
    while executing
"file delete -force msim_transcript"
    invoked from within
"if [ catch {eval gen_msim_script args_hash} msim_do_file_name] {
	error "$::errorCode" "$::errorInfo"
    } elseif {$script_mode == 0} {
	post_message..."
    (procedure "launch_sim" line 109)
    invoked from within
"launch_sim launch_args_hash"
    ("eval" body line 1)
    invoked from within
"eval launch_sim launch_args_hash"
    invoked from within
"if [ info exists ::errorCode ] {
				set savedCode $::errorCode
				set savedInfo $::errorInfo
				error $result $savedInfo $savedCode
			} else {
			..."
    invoked from within
"if [catch {eval launch_sim launch_args_hash} result ] {
			set status 1
			if [ info exists ::errorCode ] {
				set savedCode $::errorCode
				set sav..."
    (procedure "run_sim" line 78)
    invoked from within
"run_sim run_sim_args_hash"
    invoked from within
"if [ info exists ::errorCode ] {
			set savedCode $::errorCode
			set savedInfo $::errorInfo
			error "$result" $savedInfo $savedCode
		} else {
			er..."
    (procedure "run_eda_simulation_tool" line 285)
    invoked from within
"run_eda_simulation_tool eda_opts_hash"
