Analysis & Synthesis report for ramIntroBlockDiagram
Sun Apr 29 19:06:35 2012
Quartus II 32-bit Version 11.1 Build 173 11/01/2011 SJ Web Edition


---------------------
; Table of Contents ;
---------------------
  1. Legal Notice
  2. Analysis & Synthesis Summary
  3. Analysis & Synthesis Settings
  4. Parallel Compilation
  5. Analysis & Synthesis Source Files Read
  6. Analysis & Synthesis Resource Usage Summary
  7. Analysis & Synthesis Resource Utilization by Entity
  8. General Register Statistics
  9. Parameter Settings for User Entity Instance: Top-level Entity: |dataValidation
 10. Elapsed Time Per Partition
 11. Analysis & Synthesis Messages



----------------
; Legal Notice ;
----------------
Copyright (C) 1991-2011 Altera Corporation
Your use of Altera Corporation's design tools, logic functions 
and other software and tools, and its AMPP partner logic 
functions, and any output files from any of the foregoing 
(including device programming or simulation files), and any 
associated documentation or information are expressly subject 
to the terms and conditions of the Altera Program License 
Subscription Agreement, Altera MegaCore Function License 
Agreement, or other applicable license agreement, including, 
without limitation, that your use is for the sole purpose of 
programming logic devices manufactured by Altera and sold by 
Altera or its authorized distributors.  Please refer to the 
applicable agreement for further details.



+-------------------------------------------------------------------------------+
; Analysis & Synthesis Summary                                                  ;
+------------------------------------+------------------------------------------+
; Analysis & Synthesis Status        ; Successful - Sun Apr 29 19:06:35 2012    ;
; Quartus II 32-bit Version          ; 11.1 Build 173 11/01/2011 SJ Web Edition ;
; Revision Name                      ; ramIntroBlockDiagram                     ;
; Top-level Entity Name              ; dataValidation                           ;
; Family                             ; Cyclone IV GX                            ;
; Total logic elements               ; 733                                      ;
;     Total combinational functions  ; 469                                      ;
;     Dedicated logic registers      ; 369                                      ;
; Total registers                    ; 369                                      ;
; Total pins                         ; 53                                       ;
; Total virtual pins                 ; 0                                        ;
; Total memory bits                  ; 0                                        ;
; Embedded Multiplier 9-bit elements ; 0                                        ;
; Total GXB Receiver Channel PCS     ; 0                                        ;
; Total GXB Receiver Channel PMA     ; 0                                        ;
; Total GXB Transmitter Channel PCS  ; 0                                        ;
; Total GXB Transmitter Channel PMA  ; 0                                        ;
; Total PLLs                         ; 0                                        ;
+------------------------------------+------------------------------------------+


+------------------------------------------------------------------------------------------------------------------------+
; Analysis & Synthesis Settings                                                                                          ;
+----------------------------------------------------------------------------+--------------------+----------------------+
; Option                                                                     ; Setting            ; Default Value        ;
+----------------------------------------------------------------------------+--------------------+----------------------+
; Top-level entity name                                                      ; dataValidation     ; ramIntroBlockDiagram ;
; Family name                                                                ; Cyclone IV GX      ; Cyclone IV GX        ;
; Use smart compilation                                                      ; Off                ; Off                  ;
; Enable parallel Assembler and TimeQuest Timing Analyzer during compilation ; On                 ; On                   ;
; Enable compact report table                                                ; Off                ; Off                  ;
; Restructure Multiplexers                                                   ; Auto               ; Auto                 ;
; Create Debugging Nodes for IP Cores                                        ; Off                ; Off                  ;
; Preserve fewer node names                                                  ; On                 ; On                   ;
; Disable OpenCore Plus hardware evaluation                                  ; Off                ; Off                  ;
; Verilog Version                                                            ; Verilog_2001       ; Verilog_2001         ;
; VHDL Version                                                               ; VHDL_1993          ; VHDL_1993            ;
; State Machine Processing                                                   ; Auto               ; Auto                 ;
; Safe State Machine                                                         ; Off                ; Off                  ;
; Extract Verilog State Machines                                             ; On                 ; On                   ;
; Extract VHDL State Machines                                                ; On                 ; On                   ;
; Ignore Verilog initial constructs                                          ; Off                ; Off                  ;
; Iteration limit for constant Verilog loops                                 ; 5000               ; 5000                 ;
; Iteration limit for non-constant Verilog loops                             ; 250                ; 250                  ;
; Add Pass-Through Logic to Inferred RAMs                                    ; On                 ; On                   ;
; Infer RAMs from Raw Logic                                                  ; On                 ; On                   ;
; Parallel Synthesis                                                         ; On                 ; On                   ;
; DSP Block Balancing                                                        ; Auto               ; Auto                 ;
; NOT Gate Push-Back                                                         ; On                 ; On                   ;
; Power-Up Don't Care                                                        ; On                 ; On                   ;
; Remove Redundant Logic Cells                                               ; Off                ; Off                  ;
; Remove Duplicate Registers                                                 ; On                 ; On                   ;
; Ignore CARRY Buffers                                                       ; Off                ; Off                  ;
; Ignore CASCADE Buffers                                                     ; Off                ; Off                  ;
; Ignore GLOBAL Buffers                                                      ; Off                ; Off                  ;
; Ignore ROW GLOBAL Buffers                                                  ; Off                ; Off                  ;
; Ignore LCELL Buffers                                                       ; Off                ; Off                  ;
; Ignore SOFT Buffers                                                        ; On                 ; On                   ;
; Limit AHDL Integers to 32 Bits                                             ; Off                ; Off                  ;
; Optimization Technique                                                     ; Balanced           ; Balanced             ;
; Carry Chain Length                                                         ; 70                 ; 70                   ;
; Auto Carry Chains                                                          ; On                 ; On                   ;
; Auto Open-Drain Pins                                                       ; On                 ; On                   ;
; Perform WYSIWYG Primitive Resynthesis                                      ; Off                ; Off                  ;
; Auto ROM Replacement                                                       ; On                 ; On                   ;
; Auto RAM Replacement                                                       ; On                 ; On                   ;
; Auto DSP Block Replacement                                                 ; On                 ; On                   ;
; Auto Shift Register Replacement                                            ; Auto               ; Auto                 ;
; Allow Shift Register Merging across Hierarchies                            ; Auto               ; Auto                 ;
; Auto Clock Enable Replacement                                              ; On                 ; On                   ;
; Strict RAM Replacement                                                     ; Off                ; Off                  ;
; Allow Synchronous Control Signals                                          ; On                 ; On                   ;
; Force Use of Synchronous Clear Signals                                     ; Off                ; Off                  ;
; Auto RAM Block Balancing                                                   ; On                 ; On                   ;
; Auto RAM to Logic Cell Conversion                                          ; Off                ; Off                  ;
; Auto Resource Sharing                                                      ; Off                ; Off                  ;
; Allow Any RAM Size For Recognition                                         ; Off                ; Off                  ;
; Allow Any ROM Size For Recognition                                         ; Off                ; Off                  ;
; Allow Any Shift Register Size For Recognition                              ; Off                ; Off                  ;
; Use LogicLock Constraints during Resource Balancing                        ; On                 ; On                   ;
; Ignore translate_off and synthesis_off directives                          ; Off                ; Off                  ;
; Timing-Driven Synthesis                                                    ; On                 ; On                   ;
; Report Parameter Settings                                                  ; On                 ; On                   ;
; Report Source Assignments                                                  ; On                 ; On                   ;
; Report Connectivity Checks                                                 ; On                 ; On                   ;
; Ignore Maximum Fan-Out Assignments                                         ; Off                ; Off                  ;
; Synchronization Register Chain Length                                      ; 3                  ; 3                    ;
; PowerPlay Power Optimization                                               ; Normal compilation ; Normal compilation   ;
; HDL message level                                                          ; Level2             ; Level2               ;
; Suppress Register Optimization Related Messages                            ; Off                ; Off                  ;
; Number of Removed Registers Reported in Synthesis Report                   ; 5000               ; 5000                 ;
; Number of Inverted Registers Reported in Synthesis Report                  ; 100                ; 100                  ;
; Clock MUX Protection                                                       ; On                 ; On                   ;
; Auto Gated Clock Conversion                                                ; Off                ; Off                  ;
; Block Design Naming                                                        ; Auto               ; Auto                 ;
; SDC constraint protection                                                  ; Off                ; Off                  ;
; Synthesis Effort                                                           ; Auto               ; Auto                 ;
; Shift Register Replacement - Allow Asynchronous Clear Signal               ; On                 ; On                   ;
; Analysis & Synthesis Message Level                                         ; Medium             ; Medium               ;
; Disable Register Merging Across Hierarchies                                ; Auto               ; Auto                 ;
; Resource Aware Inference For Block RAM                                     ; On                 ; On                   ;
; Synthesis Seed                                                             ; 1                  ; 1                    ;
+----------------------------------------------------------------------------+--------------------+----------------------+


Parallel compilation was disabled, but you have multiple processors available. Enable parallel compilation to reduce compilation time.
+-------------------------------------+
; Parallel Compilation                ;
+----------------------------+--------+
; Processors                 ; Number ;
+----------------------------+--------+
; Number detected on machine ; 2      ;
; Maximum allowed            ; 1      ;
+----------------------------+--------+


+-----------------------------------------------------------------------------------------------------------------------------------------------------------+
; Analysis & Synthesis Source Files Read                                                                                                                    ;
+----------------------------------+-----------------+-----------------+------------------------------------------------------------------------------------+
; File Name with User-Entered Path ; Used in Netlist ; File Type       ; File Name with Absolute Path                                                       ;
+----------------------------------+-----------------+-----------------+------------------------------------------------------------------------------------+
; dataValidation.vhd               ; yes             ; User VHDL File  ; C:/Users/Kyle/Ubuntu One/ModelSim/EENG483/ramIntro/blockDiagram/dataValidation.vhd ;
+----------------------------------+-----------------+-----------------+------------------------------------------------------------------------------------+


+---------------------------------------------+
; Analysis & Synthesis Resource Usage Summary ;
+----------------------+----------------------+
; Resource             ; Usage                ;
+----------------------+----------------------+
; I/O pins             ; 53                   ;
; Maximum fan-out node ; clock~input          ;
; Maximum fan-out      ; 369                  ;
; Total fan-out        ; 2827                 ;
; Average fan-out      ; 2.99                 ;
+----------------------+----------------------+


+-----------------------------------------------------------------------------------------------------------------------------------------------------------------------------------------+
; Analysis & Synthesis Resource Utilization by Entity                                                                                                                                     ;
+----------------------------+-------------------+--------------+-------------+--------------+---------+-----------+-----------+------+--------------+---------------------+--------------+
; Compilation Hierarchy Node ; LC Combinationals ; LC Registers ; Memory Bits ; DSP Elements ; DSP 9x9 ; DSP 18x18 ; DSP 36x36 ; Pins ; Virtual Pins ; Full Hierarchy Name ; Library Name ;
+----------------------------+-------------------+--------------+-------------+--------------+---------+-----------+-----------+------+--------------+---------------------+--------------+
; |dataValidation            ; 469 (469)         ; 369 (369)    ; 0           ; 0            ; 0       ; 0         ; 0         ; 53   ; 0            ; |dataValidation     ;              ;
+----------------------------+-------------------+--------------+-------------+--------------+---------+-----------+-----------+------+--------------+---------------------+--------------+
Note: For table entries with two numbers listed, the numbers in parentheses indicate the number of resources of the given type used by the specific entity alone. The numbers listed outside of parentheses indicate the total resources of the given type used by the specific entity and all of its sub-entities in the hierarchy.


+------------------------------------------------------+
; General Register Statistics                          ;
+----------------------------------------------+-------+
; Statistic                                    ; Value ;
+----------------------------------------------+-------+
; Total registers                              ; 369   ;
; Number of registers using Synchronous Clear  ; 0     ;
; Number of registers using Synchronous Load   ; 0     ;
; Number of registers using Asynchronous Clear ; 113   ;
; Number of registers using Asynchronous Load  ; 0     ;
; Number of registers using Clock Enable       ; 368   ;
; Number of registers using Preset             ; 0     ;
+----------------------------------------------+-------+


+--------------------------------------------------------------------------------+
; Parameter Settings for User Entity Instance: Top-level Entity: |dataValidation ;
+----------------+-------+-------------------------------------------------------+
; Parameter Name ; Value ; Type                                                  ;
+----------------+-------+-------------------------------------------------------+
; bits           ; 8     ; Signed Integer                                        ;
; words          ; 32    ; Signed Integer                                        ;
+----------------+-------+-------------------------------------------------------+
Note: In order to hide this table in the UI and the text report file, please set the "Show Parameter Settings in Synthesis Report" option in "Analysis and Synthesis Settings -> More Settings" to "Off".


+-------------------------------+
; Elapsed Time Per Partition    ;
+----------------+--------------+
; Partition Name ; Elapsed Time ;
+----------------+--------------+
; Top            ; 00:00:02     ;
+----------------+--------------+


+-------------------------------+
; Analysis & Synthesis Messages ;
+-------------------------------+
Info: *******************************************************************
Info: Running Quartus II 32-bit Analysis & Synthesis
    Info: Version 11.1 Build 173 11/01/2011 SJ Web Edition
    Info: Processing started: Sun Apr 29 19:06:30 2012
Info: Command: quartus_map --read_settings_files=on --write_settings_files=off ramIntroBlockDiagram -c ramIntroBlockDiagram
Warning (20028): Parallel compilation is not licensed and has been disabled
Info (12021): Found 2 design units, including 1 entities, in source file tb_ramintro.vhd
    Info (12022): Found design unit 1: tb_ramIntro-tb_ramIntro
    Info (12023): Found entity 1: tb_ramIntro
Info (12021): Found 2 design units, including 1 entities, in source file receiver.vhd
    Info (12022): Found design unit 1: receiver-receiver
    Info (12023): Found entity 1: receiver
Info (12021): Found 2 design units, including 1 entities, in source file ramcontroller.vhd
    Info (12022): Found design unit 1: ramController-ramController
    Info (12023): Found entity 1: ramController
Info (12021): Found 2 design units, including 1 entities, in source file ram.vhd
    Info (12022): Found design unit 1: ram-ram
    Info (12023): Found entity 1: ram
Info (12021): Found 2 design units, including 1 entities, in source file generator.vhd
    Info (12022): Found design unit 1: generator-behavior
    Info (12023): Found entity 1: generator
Info (12021): Found 2 design units, including 1 entities, in source file datavalidation.vhd
    Info (12022): Found design unit 1: dataValidation-dataValidation
    Info (12023): Found entity 1: dataValidation
Info (12127): Elaborating entity "dataValidation" for the top level hierarchy
Warning (10492): VHDL Process Statement warning at dataValidation.vhd(44): signal "enable" is read inside the Process Statement but isn't in the Process Statement's sensitivity list
Warning (10492): VHDL Process Statement warning at dataValidation.vhd(44): signal "ctrl_out" is read inside the Process Statement but isn't in the Process Statement's sensitivity list
Warning (10492): VHDL Process Statement warning at dataValidation.vhd(70): signal "ram_out" is read inside the Process Statement but isn't in the Process Statement's sensitivity list
Warning (10492): VHDL Process Statement warning at dataValidation.vhd(73): signal "enable" is read inside the Process Statement but isn't in the Process Statement's sensitivity list
Warning (10492): VHDL Process Statement warning at dataValidation.vhd(73): signal "ram_out" is read inside the Process Statement but isn't in the Process Statement's sensitivity list
Warning (10492): VHDL Process Statement warning at dataValidation.vhd(91): signal "S_data_Valid" is read inside the Process Statement but isn't in the Process Statement's sensitivity list
Info (276014): Found 1 instances of uninferred RAM logic
    Info (276007): RAM logic "mem" is uninferred due to asynchronous read logic
Warning (13004): Presettable and clearable registers converted to equivalent circuits with latches. Registers power-up to an undefined state, and DEVCLRn places the registers in an undefined state.
    Warning (13310): Register "ram_out2[0]" is converted into an equivalent circuit using register "ram_out2[0]~_emulated" and latch "ram_out2[0]~latch"
    Warning (13310): Register "ram_out2[1]" is converted into an equivalent circuit using register "ram_out2[1]~_emulated" and latch "ram_out2[1]~latch"
    Warning (13310): Register "ram_out2[2]" is converted into an equivalent circuit using register "ram_out2[2]~_emulated" and latch "ram_out2[2]~latch"
    Warning (13310): Register "ram_out2[3]" is converted into an equivalent circuit using register "ram_out2[3]~_emulated" and latch "ram_out2[3]~latch"
    Warning (13310): Register "ram_out2[4]" is converted into an equivalent circuit using register "ram_out2[4]~_emulated" and latch "ram_out2[4]~latch"
    Warning (13310): Register "ram_out2[5]" is converted into an equivalent circuit using register "ram_out2[5]~_emulated" and latch "ram_out2[5]~latch"
    Warning (13310): Register "ram_out2[6]" is converted into an equivalent circuit using register "ram_out2[6]~_emulated" and latch "ram_out2[6]~latch"
    Warning (13310): Register "ram_out2[7]" is converted into an equivalent circuit using register "ram_out2[7]~_emulated" and latch "ram_out2[7]~latch"
Critical Warning (18061): Ignored Power-Up Level option on the following registers
    Critical Warning (18010): Register S_validOffset[0] will power up to Low
    Critical Warning (18010): Register S_validOffset[31] will power up to Low
    Critical Warning (18010): Register temp_addr2[0] will power up to Low
    Critical Warning (18010): Register temp_addr2[31] will power up to Low
    Critical Warning (18010): Register temp_addr[0] will power up to Low
    Critical Warning (18010): Register temp_addr[31] will power up to Low
Info (286030): Timing-Driven Synthesis is running
Info (16010): Generating hard_block partition "hard_block:auto_generated_inst"
Info (21057): Implemented 786 device resources after synthesis - the final resource count might be different
    Info (21058): Implemented 20 input pins
    Info (21059): Implemented 33 output pins
    Info (21061): Implemented 733 logic cells
Info: Quartus II 32-bit Analysis & Synthesis was successful. 0 errors, 23 warnings
    Info: Peak virtual memory: 338 megabytes
    Info: Processing ended: Sun Apr 29 19:06:35 2012
    Info: Elapsed time: 00:00:05
    Info: Total CPU time (on all processors): 00:00:04


